# JRE version: Java(TM) SE Runtime Environment (17.0.12+8) (build 17.0.12+8-LTS-286)
# Java VM: Java HotSpot(TM) 64-Bit Server VM (17.0.12+8-LTS-286, mixed mode, sharing, tiered, compressed oops, compressed class ptrs, g1 gc, windows-amd64)
GC Precious Log:
 CPUs: 16 total, 16 available
 Memory: 32062M
 Large Page Support: Disabled
 NUMA Support: Disabled
 Compressed Oops: Enabled (Zero based)
 Heap Region Size: 4M
 Heap Min Capacity: 8M
 Heap Initial Capacity: 504M
 Heap Max Capacity: 8016M
 Pre-touch: Disabled
 Parallel Workers: 13
 Concurrent Workers: 3
 Concurrent Refinement Workers: 13
 Periodic GC: Disabled
Heap:
 garbage-first heap   total 139264K, used 76383K [0x000000060b000000, 0x0000000800000000)
  region size 4096K, 13 young (53248K), 2 survivors (8192K)
 Metaspace       used 31158K, committed 31424K, reserved 1114112K
  class space    used 3851K, committed 3968K, reserved 1048576K
GC Heap History (6 events):
Event: 0.825 GC heap before
{Heap before GC invocations=0 (full 0):
 garbage-first heap   total 516096K, used 24576K [0x000000060b000000, 0x0000000800000000)
  region size 4096K, 6 young (24576K), 0 survivors (0K)
 Metaspace       used 7279K, committed 7488K, reserved 1114112K
  class space    used 744K, committed 832K, reserved 1048576K
}
Event: 0.830 GC heap after
{Heap after GC invocations=1 (full 0):
 garbage-first heap   total 516096K, used 3901K [0x000000060b000000, 0x0000000800000000)
  region size 4096K, 1 young (4096K), 1 survivors (4096K)
 Metaspace       used 7279K, committed 7488K, reserved 1114112K
  class space    used 744K, committed 832K, reserved 1048576K
}
Event: 5.072 GC heap before
{Heap before GC invocations=1 (full 0):
 garbage-first heap   total 516096K, used 57149K [0x000000060b000000, 0x0000000800000000)
  region size 4096K, 9 young (36864K), 1 survivors (4096K)
 Metaspace       used 13447K, committed 13632K, reserved 1114112K
  class space    used 1465K, committed 1536K, reserved 1048576K
}
Event: 5.078 GC heap after
{Heap after GC invocations=2 (full 0):
 garbage-first heap   total 516096K, used 32812K [0x000000060b000000, 0x0000000800000000)
  region size 4096K, 2 young (8192K), 2 survivors (8192K)
 Metaspace       used 13447K, committed 13632K, reserved 1114112K
  class space    used 1465K, committed 1536K, reserved 1048576K
}
Event: 7.333 GC heap before
{Heap before GC invocations=2 (full 0):
 garbage-first heap   total 516096K, used 49196K [0x000000060b000000, 0x0000000800000000)
  region size 4096K, 7 young (28672K), 2 survivors (8192K)
 Metaspace       used 21303K, committed 21504K, reserved 1114112K
  class space    used 2347K, committed 2432K, reserved 1048576K
}
Event: 7.339 GC heap after
{Heap after GC invocations=3 (full 0):
 garbage-first heap   total 516096K, used 35423K [0x000000060b000000, 0x0000000800000000)
  region size 4096K, 2 young (8192K), 2 survivors (8192K)
 Metaspace       used 21303K, committed 21504K, reserved 1114112K
  class space    used 2347K, committed 2432K, reserved 1048576K
}

